<?xml version="1.0" encoding="UTF-8"?>
<testsuite name="DieTest" tests="1" skipped="0" failures="0" errors="0" timestamp="2020-04-20T20:00:22" hostname="oem-Inspiron-15-3552" time="0.009">
  <properties/>
  <testcase name="DieRange" classname="DieTest" time="0.009"/>
  <system-out><![CDATA[]]></system-out>
  <system-err><![CDATA[]]></system-err>
</testsuite>
